Aceh
Bali
Bali & Nusa Tenggara
Banten
Bengkulu
DKI Jakarta
Daerah Istimewa Yogyakarta
Gorontalo
Jambi
Jawa
Jawa Barat
Jawa Tengah
Jawa Timur
Aceh Barat
Aceh Barat Daya
Aceh Besar
Aceh Jaya
Aceh Selatan
Aceh Singkil
Aceh Tamiang
Aceh Tengah
Aceh Tenggara
Aceh Timur
Aceh Utara
Kepulauan Seribu
Agam
Alor
Asahan
Asmat
Badung
Balangan
Bandung
Bandung Barat
Banggai
Banggai Kepulauan
Bangka
Bangka Barat
Bangka Selatan
Bangka Tengah
Bangkalan
Bangli
Banjar
Banjarnegara
Bantaeng
Bantul
Banyuasin
Banyumas
Banyuwangi
Barito Kuala
Barito Selatan
Barito Timur
Barito Utara
Barru
Batang
Batanghari
Batubara
Bekasi
Belitung
Belitung Timur
Belu
Bener Meriah
Bengkalis
Bengkayang
Bengkulu Selatan
Bengkulu Tengah
Bengkulu Utara
Berau
Biak Numfor
Bima
Bintan
Bireuen
Blitar
Blora
Boalemo
Bogor
Bojonegoro
Bolaang Mongondow
Bolaang Mongondow Selatan
Bolaang Mongondow Timur
Bolaang Mongondow Utara
Bombana
Bondowoso
Bone
Bone Bolango
Boven Digoel
Boyolali
Brebes
Buleleng
Bulukumba
Bulungan
Bungo
Buol
Buru
Buru Selatan
Buton
Buton Utara
Ciamis
Cianjur
Cilacap
Cirebon
Dairi
Deiyai
Deli Serdang
Demak
Dharmasraya
Dogiyai
Dompu
Donggala
Empat Lawang
Ende
Enrekang
Fakfak
Flores Timur
Garut
Gayo Lues
Gianyar
Gorontalo
Gorontalo Utara
Gowa
Gresik
Grobogan
Gunung Kidul
Gunung Mas
Halmahera Barat
Halmahera Selatan
Halmahera Tengah
Halmahera Timur
Halmahera Utara
Hulu Sungai Selatan
Hulu Sungai Tengah
Hulu Sungai Utara
Humbang Hasundutan
Indragiri Hilir
Indragiri Hulu
Indramayu
Intan Jaya
Jayapura
Jayawijaya
Jember
Jembrana
Jeneponto
Jepara
Jombang
Kaimana
Kampar
Kapuas
Kapuas Hulu
Karanganyar
Karangasem
Karawang
Karimun
Karo
Katingan
Kaur
Kayong Utara
Kebumen
Kediri
Keerom
Kendal
Kepahiang
Kepulauan Anambas
Kepulauan Aru
Kepulauan Mentawai
Kepulauan Meranti
Kepulauan Sangihe
Kepulauan Selayar
Kepulauan Siau Tagulandang Biaro
Kepulauan Sula
Kepulauan Talaud
Kepulauan Yapen
Kerinci
Ketapang
Klaten
Klungkung
Kolaka
Kolaka Utara
Konawe
Konawe Selatan
Konawe Utara
Kotabaru
Kotawaringin Barat
Kotawaringin Timur
Kuantan Singingi
Kubu Raya
Kudus
Kulon Progo
Kuningan
Kupang
Kutai Barat
Kutai Kartanegara
Kutai Timur
Labuhanbatu
Labuhanbatu Selatan
Labuhanbatu Utara
Lahat
Lamandau
Lamongan
Lampung Barat
Lampung Selatan
Lampung Tengah
Lampung Timur
Lampung Utara
Landak
Langkat
Lanny Jaya
Lebak
Lebong
Lembata
Lima Puluh Kota
Lingga
Lombok Barat
Lombok Tengah
Lombok Timur
Lombok Utara
Lumajang
Luwu
Luwu Timur
Luwu Utara
Madiun
Magelang
Magetan
Majalengka
Majene
Malang
Malinau
Maluku Barat Daya
Maluku Tengah
Maluku Tenggara
Maluku Tenggara Barat
Mamasa
Mamberamo Raya
Mamberamo Tengah
Mamuju
Mamuju Utara
Mandailing Natal
Manggarai
Manggarai Barat
Manggarai Timur
Manokwari
Mappi
Maros
Maybrat
Melawi
Merangin
Merauke
Mesuji
Mimika
Minahasa
Minahasa Selatan
Minahasa Tenggara
Minahasa Utara
Mojokerto
Morowali
Muara Enim
Muaro Jambi
Mukomuko
Muna
Murung Raya
Musi Banyuasin
Musi Rawas
Nabire
Nagan Raya
Nagekeo
Natuna
Nduga
Ngada
Nganjuk
Ngawi
Nias
Nias Barat
Nias Selatan
Nias Utara
Nunukan
Ogan Ilir
Ogan Komering Ilir
Ogan Komering Ulu
Ogan Komering Ulu Selatan
Ogan Komering Ulu Timur
Pacitan
Padang Lawas
Padang Lawas Utara
Padang Pariaman
Pakpak Bharat
Pamekasan
Pandeglang
Pangkajene dan Kepulauan
Paniai
Parigi Moutong
Pasaman
Pasaman Barat
Paser
Pasuruan
Pati
Pegunungan Bintang
Pekalongan
Pelalawan
Pemalang
Penajam Paser Utara
Pesawaran
Pesisir Selatan
Pidie
Pidie Jaya
Pinrang
Pohuwato
Polewali Mandar
Ponorogo
Pontianak
Poso
Pringsewu
Probolinggo
Pulang Pisau
Pulau Morotai
Puncak
Puncak Jaya
Purbalingga
Purwakarta
Purworejo
Raja Ampat
Rejang Lebong
Rembang
Rokan Hilir
Rokan Hulu
Rote Ndao
Sabu Raijua
Sambas
Samosir
Sampang
Sanggau
Sarmi
Sarolangun
Sekadau
Seluma
Semarang
Seram Bagian Barat
Seram Bagian Timur
Serang
Serdang Bedagai
Seruyan
Siak
Sidenreng Rappang
Sidoarjo
Sigi
Sijunjung
Sikka
Simalungun
Simeulue
Sinjai
Sintang
Situbondo
Sleman
Solok
Solok Selatan
Soppeng
Sorong
Sorong Selatan
Sragen
Subang
Sukabumi
Sukamara
Sukoharjo
Sumba Barat
Sumba Barat Daya
Sumba Tengah
Sumba Timur
Sumbawa
Sumbawa Barat
Sumedang
Sumenep
Supiori
Tabalong
Tabanan
Takalar
Tambrauw
Tana Tidung
Tana Toraja
Tanah Bumbu
Tanah Datar
Tanah Laut
Tangerang
Tanggamus
Tanjung Jabung Barat
Tanjung Jabung Timur
Tapanuli Selatan
Tapanuli Tengah
Tapanuli Utara
Tapin
Tasikmalaya
Tebo
Tegal
Teluk Bintuni
Teluk Wondama
Temanggung
Timor Tengah Selatan
Timor Tengah Utara
Toba Samosir
Tojo Una-Una
Toli-Toli
Tolikara
Toraja Utara
Trenggalek
Tuban
Tulang Bawang
Tulang Bawang Barat
Tulungagung
Wajo
Wakatobi
Waropen
Way Kanan
Wonogiri
Wonosobo
Yahukimo
Yalimo
Kalimantan
Kalimantan Barat
Kalimantan Selatan
Kalimantan Tengah
Kalimantan Timur
Kepulauan Bangka Belitung
Kepulauan Riau
Jakarta Barat
Jakarta Pusat
Jakarta Selatan
Jakarta Timur
Jakarta Utara
Ambon
Balikpapan
Banda Aceh
Bandar Lampung
Bandung
Banjar
Banjarbaru
Banjarmasin
Batam
Batu
Bau-Bau
Bekasi
Bengkulu
Bima
Binjai
Bitung
Blitar
Bogor
Bontang
Bukittinggi
Cilegon
Cimahi
Cirebon
Denpasar
Depok
Dumai
Gorontalo
Gunungsitoli
Jambi
Jayapura
Kediri
Kendari
Kotamobagu
Kupang
Langsa
Lhokseumawe
Lubuklinggau
Madiun
Magelang
Makassar
Malang
Manado
Mataram
Medan
Metro
Mojokerto
Padang
Padangpanjang
Padangsidempuan
Pagar Alam
Palangka Raya
Palembang
Palopo
Palu
Pangkal Pinang
Parepare
Pariaman
Pasuruan
Payakumbuh
Pekalongan
Pekanbaru
Pematangsiantar
Pontianak
Prabumulih
Probolinggo
Sabang
Salatiga
Samarinda
Sawahlunto
Semarang
Serang
Sibolga
Singkawang
Solok
Sorong
Subulussalam
Sukabumi
Sungai Penuh
Surabaya
Surakarta
Tangerang
Tangerang Selatan
Tanjung Pinang
Tanjungbalai
Tarakan
Tasikmalaya
Tebing Tinggi
Tegal
Ternate
Tidore Kepulauan
Tomohon
Tual
Yogyakarta
Lampung
Maluku
Maluku Utara
Maluku dan Papua
Nusa Tenggara Barat
Nusa Tenggara Timur
Papua
Papua Barat
Riau
Sulawesi
Sulawesi Barat
Sulawesi Selatan
Sulawesi Tengah
Sulawesi Tenggara
Sulawesi Utara
Sumatera
Sumatera Barat
Sumatera Selatan
Sumatera Utara
